29-05-2018 18:23:04.368 [restartedMain] INFO  com.dairy.DairyApplication.logStarting - Starting DairyApplication on CSCINDAI377289 with PID 42704 (C:\Users\hyadav5\git\dairy\JpaBootExample\target\classes started by hyadav5 in C:\Users\hyadav5\git\dairy\JpaBootExample)
29-05-2018 18:23:04.402 [restartedMain] INFO  com.dairy.DairyApplication.logStartupProfileInfo - No active profile set, falling back to default profiles: default
29-05-2018 18:23:04.404 [restartedMain] INFO  o.s.b.w.s.c.AnnotationConfigServletWebServerApplicationContext.prepareRefresh - Refreshing org.springframework.boot.web.servlet.context.AnnotationConfigServletWebServerApplicationContext@38b4c43c: startup date [Tue May 29 18:23:04 IST 2018]; root of context hierarchy
29-05-2018 18:23:04.719 [restartedMain] INFO  o.s.c.s.PostProcessorRegistrationDelegate$BeanPostProcessorChecker.postProcessAfterInitialization - Bean 'org.springframework.transaction.annotation.ProxyTransactionManagementConfiguration' of type [org.springframework.transaction.annotation.ProxyTransactionManagementConfiguration$$EnhancerBySpringCGLIB$$cef11868] is not eligible for getting processed by all BeanPostProcessors (for example: not eligible for auto-proxying)
29-05-2018 18:23:04.849 [restartedMain] INFO  o.s.b.w.e.tomcat.TomcatWebServer.initialize - Tomcat initialized with port(s): 8080 (http)
29-05-2018 18:23:04.850 [restartedMain] INFO  o.a.catalina.core.StandardService.log - Starting service [Tomcat]
29-05-2018 18:23:04.850 [restartedMain] INFO  o.a.catalina.core.StandardEngine.log - Starting Servlet Engine: Apache Tomcat/8.5.29
29-05-2018 18:23:04.865 [localhost-startStop-1] INFO  o.a.c.c.C.[Tomcat].[localhost].[/].log - Initializing Spring embedded WebApplicationContext
29-05-2018 18:23:04.866 [localhost-startStop-1] INFO  o.s.web.context.ContextLoader.prepareWebApplicationContext - Root WebApplicationContext: initialization completed in 463 ms
29-05-2018 18:23:04.881 [localhost-startStop-1] INFO  o.s.b.w.s.ServletRegistrationBean.addRegistration - Servlet dispatcherServlet mapped to [/]
29-05-2018 18:23:04.881 [localhost-startStop-1] INFO  o.s.b.w.s.FilterRegistrationBean.configure - Mapping filter: 'characterEncodingFilter' to: [/*]
29-05-2018 18:23:04.881 [localhost-startStop-1] INFO  o.s.b.w.s.FilterRegistrationBean.configure - Mapping filter: 'hiddenHttpMethodFilter' to: [/*]
29-05-2018 18:23:04.881 [localhost-startStop-1] INFO  o.s.b.w.s.FilterRegistrationBean.configure - Mapping filter: 'httpPutFormContentFilter' to: [/*]
29-05-2018 18:23:04.882 [localhost-startStop-1] INFO  o.s.b.w.s.FilterRegistrationBean.configure - Mapping filter: 'requestContextFilter' to: [/*]
29-05-2018 18:23:04.902 [restartedMain] INFO  com.zaxxer.hikari.HikariDataSource.getConnection - HikariPool-9 - Starting...
29-05-2018 18:23:05.040 [restartedMain] INFO  com.zaxxer.hikari.HikariDataSource.getConnection - HikariPool-9 - Start completed.
29-05-2018 18:23:05.046 [restartedMain] INFO  o.s.o.j.LocalContainerEntityManagerFactoryBean.createNativeEntityManagerFactory - Building JPA container EntityManagerFactory for persistence unit 'default'
29-05-2018 18:23:05.046 [restartedMain] INFO  o.h.jpa.internal.util.LogHelper.logPersistenceUnitInformation - HHH000204: Processing PersistenceUnitInfo [
	name: default
	...]
29-05-2018 18:23:05.063 [restartedMain] INFO  org.hibernate.dialect.Dialect.<init> - HHH000400: Using dialect: org.hibernate.dialect.MySQL5Dialect
29-05-2018 18:23:05.502 [restartedMain] INFO  o.s.o.j.LocalContainerEntityManagerFactoryBean.buildNativeEntityManagerFactory - Initialized JPA EntityManagerFactory for persistence unit 'default'
29-05-2018 18:23:05.581 [restartedMain] INFO  o.s.w.s.h.SimpleUrlHandlerMapping.registerHandler - Mapped URL path [/**/favicon.ico] onto handler of type [class org.springframework.web.servlet.resource.ResourceHttpRequestHandler]
29-05-2018 18:23:05.620 [restartedMain] INFO  o.s.w.s.m.m.a.RequestMappingHandlerAdapter.initControllerAdviceCache - Looking for @ControllerAdvice: org.springframework.boot.web.servlet.context.AnnotationConfigServletWebServerApplicationContext@38b4c43c: startup date [Tue May 29 18:23:04 IST 2018]; root of context hierarchy
29-05-2018 18:23:05.622 [restartedMain] WARN  o.s.b.a.o.j.JpaBaseConfiguration$JpaWebConfiguration$JpaWebMvcConfiguration.openEntityManagerInViewInterceptor - spring.jpa.open-in-view is enabled by default. Therefore, database queries may be performed during view rendering. Explicitly configure spring.jpa.open-in-view to disable this warning
29-05-2018 18:23:05.624 [restartedMain] INFO  o.s.w.s.m.m.a.RequestMappingHandlerMapping.register - Mapped "{[/ || /index || /result],methods=[POST || GET]}" onto public java.lang.String com.dairy.controller.DefaultController.indexGet(org.springframework.ui.Model)
29-05-2018 18:23:05.625 [restartedMain] INFO  o.s.w.s.m.m.a.RequestMappingHandlerMapping.register - Mapped "{[/entryForm || /entryForm/user || /entryForm/user/{id}],methods=[POST || GET]}" onto public java.lang.String com.dairy.controller.EntryFormController.setEntryFormByUserId(java.util.Optional<java.lang.Integer>,com.dairy.model.User,com.dairy.model.EntryForm,org.springframework.ui.Model)
29-05-2018 18:23:05.625 [restartedMain] INFO  o.s.w.s.m.m.a.RequestMappingHandlerMapping.register - Mapped "{[/entryForm/user/save],methods=[POST]}" onto public java.lang.String com.dairy.controller.EntryFormController.saveEntryForm(com.dairy.model.Ledger,com.dairy.model.EntryForm,org.springframework.web.servlet.mvc.support.RedirectAttributes,org.springframework.validation.BindingResult,org.springframework.ui.Model)
29-05-2018 18:23:05.626 [restartedMain] INFO  o.s.w.s.m.m.a.RequestMappingHandlerMapping.register - Mapped "{[/Transaction/getFullLedger],methods=[POST]}" onto public java.lang.String com.dairy.controller.LedgerController.getAllgetTracsactions(org.springframework.ui.Model)
29-05-2018 18:23:05.626 [restartedMain] INFO  o.s.w.s.m.m.a.RequestMappingHandlerMapping.register - Mapped "{[/Transaction/getLedger],methods=[POST]}" onto public java.lang.String com.dairy.controller.LedgerController.getTracsaction(java.lang.String,org.springframework.ui.Model)
29-05-2018 18:23:05.627 [restartedMain] INFO  o.s.w.s.m.m.a.RequestMappingHandlerMapping.register - Mapped "{[/login],methods=[POST || GET]}" onto public java.lang.String com.dairy.controller.LoginController.login()
29-05-2018 18:23:05.627 [restartedMain] INFO  o.s.w.s.m.m.a.RequestMappingHandlerMapping.register - Mapped "{[/paymentForm || /paymentForm/user || /paymentForm/user/{id}],methods=[POST || GET]}" onto public java.lang.String com.dairy.controller.PaymentFormController.setPaymentForm(java.util.Optional<java.lang.Integer>,com.dairy.model.Ledger,com.dairy.model.User,org.springframework.ui.Model)
29-05-2018 18:23:05.627 [restartedMain] INFO  o.s.w.s.m.m.a.RequestMappingHandlerMapping.register - Mapped "{[/transactionReport],methods=[POST || GET]}" onto public java.lang.String com.dairy.controller.TransactionReportController.getAllTransactions(org.springframework.ui.Model)
29-05-2018 18:23:05.631 [restartedMain] INFO  o.s.w.s.m.m.a.RequestMappingHandlerMapping.register - Mapped "{[/userOperation/test],methods=[POST || GET]}" onto public com.mysql.fabric.Response com.dairy.controller.UserController.test() throws com.mysql.fabric.FabricCommunicationException
29-05-2018 18:23:05.634 [restartedMain] INFO  o.s.w.s.m.m.a.RequestMappingHandlerMapping.register - Mapped "{[/userOperation/addUser],methods=[POST || GET]}" onto public java.lang.String com.dairy.controller.UserController.addUser(com.dairy.model.Ledger,com.dairy.model.User,org.springframework.validation.BindingResult,org.springframework.ui.Model)
29-05-2018 18:23:05.634 [restartedMain] INFO  o.s.w.s.m.m.a.RequestMappingHandlerMapping.register - Mapped "{[/userOperation/users],methods=[POST || GET]}" onto public java.lang.String com.dairy.controller.UserController.manageUsersPost(com.dairy.model.User,org.springframework.ui.Model)
29-05-2018 18:23:05.634 [restartedMain] INFO  o.s.w.s.m.m.a.RequestMappingHandlerMapping.register - Mapped "{[/userOperation/getUser],methods=[POST]}" onto public java.lang.String com.dairy.controller.UserController.getUser(java.lang.String,java.lang.String,java.lang.String,org.springframework.ui.Model)
29-05-2018 18:23:05.634 [restartedMain] INFO  o.s.w.s.m.m.a.RequestMappingHandlerMapping.register - Mapped "{[/userOperation/editUser/{userId}],methods=[POST || GET]}" onto public java.lang.String com.dairy.controller.UserController.editUser(java.lang.Long,com.dairy.model.User,org.springframework.validation.BindingResult,org.springframework.ui.Model)
29-05-2018 18:23:05.635 [restartedMain] INFO  o.s.w.s.m.m.a.RequestMappingHandlerMapping.register - Mapped "{[/userOperation/deleteUser/{userId}],methods=[POST || GET]}" onto public java.lang.String com.dairy.controller.UserController.deleteUser(java.lang.Long,com.dairy.model.User,org.springframework.validation.BindingResult,org.springframework.ui.Model)
29-05-2018 18:23:05.636 [restartedMain] INFO  o.s.w.s.m.m.a.RequestMappingHandlerMapping.register - Mapped "{[/error]}" onto public org.springframework.http.ResponseEntity<java.util.Map<java.lang.String, java.lang.Object>> org.springframework.boot.autoconfigure.web.servlet.error.BasicErrorController.error(javax.servlet.http.HttpServletRequest)
29-05-2018 18:23:05.636 [restartedMain] INFO  o.s.w.s.m.m.a.RequestMappingHandlerMapping.register - Mapped "{[/error],produces=[text/html]}" onto public org.springframework.web.servlet.ModelAndView org.springframework.boot.autoconfigure.web.servlet.error.BasicErrorController.errorHtml(javax.servlet.http.HttpServletRequest,javax.servlet.http.HttpServletResponse)
29-05-2018 18:23:05.642 [restartedMain] INFO  o.s.w.s.h.SimpleUrlHandlerMapping.registerHandler - Mapped URL path [/webjars/**] onto handler of type [class org.springframework.web.servlet.resource.ResourceHttpRequestHandler]
29-05-2018 18:23:05.642 [restartedMain] INFO  o.s.w.s.h.SimpleUrlHandlerMapping.registerHandler - Mapped URL path [/**] onto handler of type [class org.springframework.web.servlet.resource.ResourceHttpRequestHandler]
29-05-2018 18:23:05.693 [restartedMain] INFO  o.s.b.d.a.OptionalLiveReloadServer.startServer - LiveReload server is running on port 35729
29-05-2018 18:23:05.705 [restartedMain] INFO  o.s.j.e.a.AnnotationMBeanExporter.afterSingletonsInstantiated - Registering beans for JMX exposure on startup
29-05-2018 18:23:05.706 [restartedMain] INFO  o.s.j.e.a.AnnotationMBeanExporter.autodetect - Bean with name 'dataSource' has been autodetected for JMX exposure
29-05-2018 18:23:05.711 [restartedMain] INFO  o.s.j.e.a.AnnotationMBeanExporter.registerBeanInstance - Located MBean 'dataSource': registering with JMX server as MBean [com.zaxxer.hikari:name=dataSource,type=HikariDataSource]
29-05-2018 18:23:05.723 [restartedMain] INFO  o.s.b.w.e.tomcat.TomcatWebServer.start - Tomcat started on port(s): 8080 (http) with context path ''
29-05-2018 18:23:05.724 [restartedMain] INFO  com.dairy.DairyApplication.logStarted - Started DairyApplication in 1.378 seconds (JVM running for 1873.343)
29-05-2018 18:23:05.726 [restartedMain] INFO  o.s.b.d.a.ConditionEvaluationDeltaLoggingListener.onApplicationEvent - Condition evaluation unchanged
29-05-2018 18:23:16.263 [Thread-68] INFO  o.s.b.w.s.c.AnnotationConfigServletWebServerApplicationContext.doClose - Closing org.springframework.boot.web.servlet.context.AnnotationConfigServletWebServerApplicationContext@38b4c43c: startup date [Tue May 29 18:23:04 IST 2018]; root of context hierarchy
29-05-2018 18:23:16.265 [Thread-68] INFO  o.s.j.e.a.AnnotationMBeanExporter.destroy - Unregistering JMX-exposed beans on shutdown
29-05-2018 18:23:16.265 [Thread-68] INFO  o.s.j.e.a.AnnotationMBeanExporter.unregisterBeans - Unregistering JMX-exposed beans
29-05-2018 18:23:16.266 [Thread-68] INFO  o.s.o.j.LocalContainerEntityManagerFactoryBean.destroy - Closing JPA EntityManagerFactory for persistence unit 'default'
29-05-2018 18:23:16.267 [Thread-68] INFO  com.zaxxer.hikari.HikariDataSource.close - HikariPool-9 - Shutdown initiated...
29-05-2018 18:23:16.273 [Thread-68] INFO  com.zaxxer.hikari.HikariDataSource.close - HikariPool-9 - Shutdown completed.
29-05-2018 18:23:16.600 [restartedMain] INFO  com.dairy.DairyApplication.logStarting - Starting DairyApplication on CSCINDAI377289 with PID 42704 (C:\Users\hyadav5\git\dairy\JpaBootExample\target\classes started by hyadav5 in C:\Users\hyadav5\git\dairy\JpaBootExample)
29-05-2018 18:23:16.600 [restartedMain] DEBUG com.dairy.DairyApplication.logStarting - Running with Spring Boot v2.0.1.RELEASE, Spring v5.0.5.RELEASE
29-05-2018 18:23:16.600 [restartedMain] INFO  com.dairy.DairyApplication.logStartupProfileInfo - No active profile set, falling back to default profiles: default
29-05-2018 18:23:16.602 [restartedMain] INFO  o.s.b.w.s.c.AnnotationConfigServletWebServerApplicationContext.prepareRefresh - Refreshing org.springframework.boot.web.servlet.context.AnnotationConfigServletWebServerApplicationContext@70d357bf: startup date [Tue May 29 18:23:16 IST 2018]; root of context hierarchy
29-05-2018 18:23:16.875 [restartedMain] INFO  o.s.c.s.PostProcessorRegistrationDelegate$BeanPostProcessorChecker.postProcessAfterInitialization - Bean 'org.springframework.transaction.annotation.ProxyTransactionManagementConfiguration' of type [org.springframework.transaction.annotation.ProxyTransactionManagementConfiguration$$EnhancerBySpringCGLIB$$cef11868] is not eligible for getting processed by all BeanPostProcessors (for example: not eligible for auto-proxying)
29-05-2018 18:23:16.975 [restartedMain] INFO  o.s.b.w.e.tomcat.TomcatWebServer.initialize - Tomcat initialized with port(s): 8080 (http)
29-05-2018 18:23:16.976 [restartedMain] INFO  o.a.catalina.core.StandardService.log - Starting service [Tomcat]
29-05-2018 18:23:16.977 [restartedMain] INFO  o.a.catalina.core.StandardEngine.log - Starting Servlet Engine: Apache Tomcat/8.5.29
29-05-2018 18:23:17.022 [localhost-startStop-1] INFO  o.a.c.c.C.[Tomcat].[localhost].[/].log - Initializing Spring embedded WebApplicationContext
29-05-2018 18:23:17.023 [localhost-startStop-1] INFO  o.s.web.context.ContextLoader.prepareWebApplicationContext - Root WebApplicationContext: initialization completed in 421 ms
29-05-2018 18:23:17.040 [localhost-startStop-1] INFO  o.s.b.w.s.ServletRegistrationBean.addRegistration - Servlet dispatcherServlet mapped to [/]
29-05-2018 18:23:17.040 [localhost-startStop-1] INFO  o.s.b.w.s.FilterRegistrationBean.configure - Mapping filter: 'characterEncodingFilter' to: [/*]
29-05-2018 18:23:17.041 [localhost-startStop-1] INFO  o.s.b.w.s.FilterRegistrationBean.configure - Mapping filter: 'hiddenHttpMethodFilter' to: [/*]
29-05-2018 18:23:17.041 [localhost-startStop-1] INFO  o.s.b.w.s.FilterRegistrationBean.configure - Mapping filter: 'httpPutFormContentFilter' to: [/*]
29-05-2018 18:23:17.041 [localhost-startStop-1] INFO  o.s.b.w.s.FilterRegistrationBean.configure - Mapping filter: 'requestContextFilter' to: [/*]
29-05-2018 18:23:17.062 [restartedMain] INFO  com.zaxxer.hikari.HikariDataSource.getConnection - HikariPool-10 - Starting...
29-05-2018 18:23:17.191 [restartedMain] INFO  com.zaxxer.hikari.HikariDataSource.getConnection - HikariPool-10 - Start completed.
29-05-2018 18:23:17.198 [restartedMain] INFO  o.s.o.j.LocalContainerEntityManagerFactoryBean.createNativeEntityManagerFactory - Building JPA container EntityManagerFactory for persistence unit 'default'
29-05-2018 18:23:17.198 [restartedMain] INFO  o.h.jpa.internal.util.LogHelper.logPersistenceUnitInformation - HHH000204: Processing PersistenceUnitInfo [
	name: default
	...]
29-05-2018 18:23:17.216 [restartedMain] INFO  org.hibernate.dialect.Dialect.<init> - HHH000400: Using dialect: org.hibernate.dialect.MySQL5Dialect
29-05-2018 18:23:17.600 [restartedMain] INFO  o.s.o.j.LocalContainerEntityManagerFactoryBean.buildNativeEntityManagerFactory - Initialized JPA EntityManagerFactory for persistence unit 'default'
29-05-2018 18:23:17.672 [restartedMain] INFO  o.s.w.s.h.SimpleUrlHandlerMapping.registerHandler - Mapped URL path [/**/favicon.ico] onto handler of type [class org.springframework.web.servlet.resource.ResourceHttpRequestHandler]
29-05-2018 18:23:17.784 [restartedMain] INFO  o.s.w.s.m.m.a.RequestMappingHandlerAdapter.initControllerAdviceCache - Looking for @ControllerAdvice: org.springframework.boot.web.servlet.context.AnnotationConfigServletWebServerApplicationContext@70d357bf: startup date [Tue May 29 18:23:16 IST 2018]; root of context hierarchy
29-05-2018 18:23:17.787 [restartedMain] WARN  o.s.b.a.o.j.JpaBaseConfiguration$JpaWebConfiguration$JpaWebMvcConfiguration.openEntityManagerInViewInterceptor - spring.jpa.open-in-view is enabled by default. Therefore, database queries may be performed during view rendering. Explicitly configure spring.jpa.open-in-view to disable this warning
29-05-2018 18:23:17.790 [restartedMain] INFO  o.s.w.s.m.m.a.RequestMappingHandlerMapping.register - Mapped "{[/ || /index || /result],methods=[POST || GET]}" onto public java.lang.String com.dairy.controller.DefaultController.indexGet(org.springframework.ui.Model)
29-05-2018 18:23:17.790 [restartedMain] INFO  o.s.w.s.m.m.a.RequestMappingHandlerMapping.register - Mapped "{[/entryForm || /entryForm/user || /entryForm/user/{id}],methods=[POST || GET]}" onto public java.lang.String com.dairy.controller.EntryFormController.setEntryFormByUserId(java.util.Optional<java.lang.Integer>,com.dairy.model.User,com.dairy.model.EntryForm,org.springframework.ui.Model)
29-05-2018 18:23:17.790 [restartedMain] INFO  o.s.w.s.m.m.a.RequestMappingHandlerMapping.register - Mapped "{[/entryForm/user/save],methods=[POST]}" onto public java.lang.String com.dairy.controller.EntryFormController.saveEntryForm(com.dairy.model.Ledger,com.dairy.model.EntryForm,org.springframework.web.servlet.mvc.support.RedirectAttributes,org.springframework.validation.BindingResult,org.springframework.ui.Model)
29-05-2018 18:23:17.791 [restartedMain] INFO  o.s.w.s.m.m.a.RequestMappingHandlerMapping.register - Mapped "{[/Transaction/getFullLedger],methods=[POST]}" onto public java.lang.String com.dairy.controller.LedgerController.getAllgetTracsactions(org.springframework.ui.Model)
29-05-2018 18:23:17.791 [restartedMain] INFO  o.s.w.s.m.m.a.RequestMappingHandlerMapping.register - Mapped "{[/Transaction/getLedger],methods=[POST]}" onto public java.lang.String com.dairy.controller.LedgerController.getTracsaction(java.lang.String,org.springframework.ui.Model)
29-05-2018 18:23:17.792 [restartedMain] INFO  o.s.w.s.m.m.a.RequestMappingHandlerMapping.register - Mapped "{[/login],methods=[POST || GET]}" onto public java.lang.String com.dairy.controller.LoginController.login()
29-05-2018 18:23:17.792 [restartedMain] INFO  o.s.w.s.m.m.a.RequestMappingHandlerMapping.register - Mapped "{[/paymentForm || /paymentForm/user || /paymentForm/user/{id}],methods=[POST || GET]}" onto public java.lang.String com.dairy.controller.PaymentFormController.setPaymentForm(java.util.Optional<java.lang.Integer>,com.dairy.model.Ledger,com.dairy.model.User,org.springframework.ui.Model)
29-05-2018 18:23:17.792 [restartedMain] INFO  o.s.w.s.m.m.a.RequestMappingHandlerMapping.register - Mapped "{[/transactionReport],methods=[POST || GET]}" onto public java.lang.String com.dairy.controller.TransactionReportController.getAllTransactions(org.springframework.ui.Model)
29-05-2018 18:23:17.794 [restartedMain] INFO  o.s.w.s.m.m.a.RequestMappingHandlerMapping.register - Mapped "{[/userOperation/test],methods=[POST || GET]}" onto public com.mysql.fabric.Response com.dairy.controller.UserController.test() throws com.mysql.fabric.FabricCommunicationException
29-05-2018 18:23:17.794 [restartedMain] INFO  o.s.w.s.m.m.a.RequestMappingHandlerMapping.register - Mapped "{[/userOperation/addUser],methods=[POST || GET]}" onto public java.lang.String com.dairy.controller.UserController.addUser(com.dairy.model.Ledger,com.dairy.model.User,org.springframework.validation.BindingResult,org.springframework.ui.Model)
29-05-2018 18:23:17.794 [restartedMain] INFO  o.s.w.s.m.m.a.RequestMappingHandlerMapping.register - Mapped "{[/userOperation/users],methods=[POST || GET]}" onto public java.lang.String com.dairy.controller.UserController.manageUsersPost(com.dairy.model.User,org.springframework.ui.Model)
29-05-2018 18:23:17.794 [restartedMain] INFO  o.s.w.s.m.m.a.RequestMappingHandlerMapping.register - Mapped "{[/userOperation/getUser],methods=[POST]}" onto public java.lang.String com.dairy.controller.UserController.getUser(java.lang.String,java.lang.String,java.lang.String,org.springframework.ui.Model)
29-05-2018 18:23:17.795 [restartedMain] INFO  o.s.w.s.m.m.a.RequestMappingHandlerMapping.register - Mapped "{[/userOperation/editUser/{userId}],methods=[POST || GET]}" onto public java.lang.String com.dairy.controller.UserController.editUser(java.lang.Long,com.dairy.model.User,org.springframework.validation.BindingResult,org.springframework.ui.Model)
29-05-2018 18:23:17.795 [restartedMain] INFO  o.s.w.s.m.m.a.RequestMappingHandlerMapping.register - Mapped "{[/userOperation/deleteUser/{userId}],methods=[POST || GET]}" onto public java.lang.String com.dairy.controller.UserController.deleteUser(java.lang.Long,com.dairy.model.User,org.springframework.validation.BindingResult,org.springframework.ui.Model)
29-05-2018 18:23:17.801 [restartedMain] INFO  o.s.w.s.m.m.a.RequestMappingHandlerMapping.register - Mapped "{[/error]}" onto public org.springframework.http.ResponseEntity<java.util.Map<java.lang.String, java.lang.Object>> org.springframework.boot.autoconfigure.web.servlet.error.BasicErrorController.error(javax.servlet.http.HttpServletRequest)
29-05-2018 18:23:17.802 [restartedMain] INFO  o.s.w.s.m.m.a.RequestMappingHandlerMapping.register - Mapped "{[/error],produces=[text/html]}" onto public org.springframework.web.servlet.ModelAndView org.springframework.boot.autoconfigure.web.servlet.error.BasicErrorController.errorHtml(javax.servlet.http.HttpServletRequest,javax.servlet.http.HttpServletResponse)
29-05-2018 18:23:17.807 [restartedMain] INFO  o.s.w.s.h.SimpleUrlHandlerMapping.registerHandler - Mapped URL path [/webjars/**] onto handler of type [class org.springframework.web.servlet.resource.ResourceHttpRequestHandler]
29-05-2018 18:23:17.808 [restartedMain] INFO  o.s.w.s.h.SimpleUrlHandlerMapping.registerHandler - Mapped URL path [/**] onto handler of type [class org.springframework.web.servlet.resource.ResourceHttpRequestHandler]
29-05-2018 18:23:17.862 [restartedMain] INFO  o.s.b.d.a.OptionalLiveReloadServer.startServer - LiveReload server is running on port 35729
29-05-2018 18:23:17.870 [restartedMain] INFO  o.s.j.e.a.AnnotationMBeanExporter.afterSingletonsInstantiated - Registering beans for JMX exposure on startup
29-05-2018 18:23:17.870 [restartedMain] INFO  o.s.j.e.a.AnnotationMBeanExporter.autodetect - Bean with name 'dataSource' has been autodetected for JMX exposure
29-05-2018 18:23:17.873 [restartedMain] INFO  o.s.j.e.a.AnnotationMBeanExporter.registerBeanInstance - Located MBean 'dataSource': registering with JMX server as MBean [com.zaxxer.hikari:name=dataSource,type=HikariDataSource]
29-05-2018 18:23:17.887 [restartedMain] INFO  o.s.b.w.e.tomcat.TomcatWebServer.start - Tomcat started on port(s): 8080 (http) with context path ''
29-05-2018 18:23:17.889 [restartedMain] INFO  com.dairy.DairyApplication.logStarted - Started DairyApplication in 1.31 seconds (JVM running for 1885.508)
29-05-2018 18:23:17.891 [restartedMain] INFO  o.s.b.d.a.ConditionEvaluationDeltaLoggingListener.onApplicationEvent - Condition evaluation unchanged
29-05-2018 18:23:24.420 [Thread-74] INFO  o.s.b.w.s.c.AnnotationConfigServletWebServerApplicationContext.doClose - Closing org.springframework.boot.web.servlet.context.AnnotationConfigServletWebServerApplicationContext@70d357bf: startup date [Tue May 29 18:23:16 IST 2018]; root of context hierarchy
29-05-2018 18:23:24.421 [Thread-74] INFO  o.s.j.e.a.AnnotationMBeanExporter.destroy - Unregistering JMX-exposed beans on shutdown
29-05-2018 18:23:24.422 [Thread-74] INFO  o.s.j.e.a.AnnotationMBeanExporter.unregisterBeans - Unregistering JMX-exposed beans
29-05-2018 18:23:24.422 [Thread-74] INFO  o.s.o.j.LocalContainerEntityManagerFactoryBean.destroy - Closing JPA EntityManagerFactory for persistence unit 'default'
29-05-2018 18:23:24.423 [Thread-74] INFO  com.zaxxer.hikari.HikariDataSource.close - HikariPool-10 - Shutdown initiated...
29-05-2018 18:23:24.433 [Thread-74] INFO  com.zaxxer.hikari.HikariDataSource.close - HikariPool-10 - Shutdown completed.
